0 info it worked if it ends with ok
1 verbose cli [ 'node',
1 verbose cli   '/usr/local/bin/npm',
1 verbose cli   'install',
1 verbose cli   '-S',
1 verbose cli   'browser-sync',
1 verbose cli   '--save-dev' ]
2 info using npm@1.4.28
3 info using node@v0.10.35
4 warn package.json scopeSite@1.0.0 No repository field.
5 warn package.json scopeSite@1.0.0 No README data
6 verbose readDependencies using package.json deps
7 verbose cache add [ 'browser-sync', null ]
8 verbose cache add name=undefined spec="browser-sync" args=["browser-sync",null]
9 verbose parsed url { protocol: null,
9 verbose parsed url   slashes: null,
9 verbose parsed url   auth: null,
9 verbose parsed url   host: null,
9 verbose parsed url   port: null,
9 verbose parsed url   hostname: null,
9 verbose parsed url   hash: null,
9 verbose parsed url   search: null,
9 verbose parsed url   query: null,
9 verbose parsed url   pathname: 'browser-sync',
9 verbose parsed url   path: 'browser-sync',
9 verbose parsed url   href: 'browser-sync' }
10 silly lockFile 6d7be3df-browser-sync browser-sync
11 verbose lock browser-sync /Users/Darth/.npm/6d7be3df-browser-sync.lock
12 silly lockFile 6d7be3df-browser-sync browser-sync
13 silly lockFile 6d7be3df-browser-sync browser-sync
14 verbose addNamed [ 'browser-sync', '' ]
15 verbose addNamed [ null, '*' ]
16 silly lockFile 6373e9ab-browser-sync browser-sync@
17 verbose lock browser-sync@ /Users/Darth/.npm/6373e9ab-browser-sync.lock
18 silly addNameRange { name: 'browser-sync', range: '*', hasData: false }
19 verbose request where is /browser-sync
20 verbose request registry https://registry.npmjs.org/
21 verbose request id 411cfd6ae97e26d8
22 verbose url raw /browser-sync
23 verbose url resolving [ 'https://registry.npmjs.org/', './browser-sync' ]
24 verbose url resolved https://registry.npmjs.org/browser-sync
25 verbose request where is https://registry.npmjs.org/browser-sync
26 info trying registry request attempt 1 at 23:28:21
27 verbose etag "41VDEV5F5EG6KUA3M98QK2QEU"
28 http GET https://registry.npmjs.org/browser-sync
29 http 200 https://registry.npmjs.org/browser-sync
30 silly registry.get cb [ 200,
30 silly registry.get   { server: 'CouchDB/1.5.0 (Erlang OTP/R16B03)',
30 silly registry.get     etag: '"9OACJ39VEOQLWQC2AA5FY9JOY"',
30 silly registry.get     'content-type': 'application/json',
30 silly registry.get     'cache-control': 'max-age=300',
30 silly registry.get     'content-length': '422439',
30 silly registry.get     'accept-ranges': 'bytes',
30 silly registry.get     date: 'Fri, 26 Feb 2016 07:28:21 GMT',
30 silly registry.get     via: '1.1 varnish',
30 silly registry.get     age: '44',
30 silly registry.get     connection: 'keep-alive',
30 silly registry.get     'x-served-by': 'cache-sjc3133-SJC',
30 silly registry.get     'x-cache': 'HIT',
30 silly registry.get     'x-cache-hits': '1',
30 silly registry.get     'x-timer': 'S1456471701.786362,VS0,VE0',
30 silly registry.get     vary: 'Accept' } ]
31 silly addNameRange number 2 { name: 'browser-sync', range: '*', hasData: true }
32 silly addNameRange versions [ 'browser-sync',
32 silly addNameRange   [ '0.1.0',
32 silly addNameRange     '0.1.1',
32 silly addNameRange     '0.1.3',
32 silly addNameRange     '0.1.5',
32 silly addNameRange     '0.1.6',
32 silly addNameRange     '0.1.7',
32 silly addNameRange     '0.1.8',
32 silly addNameRange     '0.1.9',
32 silly addNameRange     '0.1.10',
32 silly addNameRange     '0.2.0',
32 silly addNameRange     '0.2.1',
32 silly addNameRange     '0.3.0',
32 silly addNameRange     '0.3.1',
32 silly addNameRange     '0.3.2',
32 silly addNameRange     '0.3.3',
32 silly addNameRange     '0.3.4',
32 silly addNameRange     '0.3.5',
32 silly addNameRange     '0.3.6',
32 silly addNameRange     '0.3.7',
32 silly addNameRange     '0.3.8',
32 silly addNameRange     '0.3.10',
32 silly addNameRange     '0.4.0',
32 silly addNameRange     '0.4.1',
32 silly addNameRange     '0.4.2',
32 silly addNameRange     '0.4.21',
32 silly addNameRange     '0.4.3',
32 silly addNameRange     '0.4.4',
32 silly addNameRange     '0.4.5',
32 silly addNameRange     '0.4.6',
32 silly addNameRange     '0.4.7',
32 silly addNameRange     '0.4.8',
32 silly addNameRange     '0.4.9',
32 silly addNameRange     '0.4.10',
32 silly addNameRange     '0.4.11',
32 silly addNameRange     '0.4.12',
32 silly addNameRange     '0.5.0',
32 silly addNameRange     '0.5.1',
32 silly addNameRange     '0.5.2',
32 silly addNameRange     '0.5.3',
32 silly addNameRange     '0.5.4',
32 silly addNameRange     '0.5.5',
32 silly addNameRange     '0.5.6',
32 silly addNameRange     '0.5.7',
32 silly addNameRange     '0.5.8',
32 silly addNameRange     '0.5.9',
32 silly addNameRange     '0.6.0',
32 silly addNameRange     '0.6.1',
32 silly addNameRange     '0.6.2',
32 silly addNameRange     '0.7.0',
32 silly addNameRange     '0.7.1',
32 silly addNameRange     '0.7.2',
32 silly addNameRange     '0.7.3',
32 silly addNameRange     '0.7.4',
32 silly addNameRange     '0.7.5',
32 silly addNameRange     '0.7.7',
32 silly addNameRange     '0.8.0',
32 silly addNameRange     '0.8.1',
32 silly addNameRange     '0.8.2',
32 silly addNameRange     '0.9.0',
32 silly addNameRange     '0.9.1',
32 silly addNameRange     '1.0.0',
32 silly addNameRange     '1.1.0',
32 silly addNameRange     '1.1.1',
32 silly addNameRange     '1.1.2',
32 silly addNameRange     '1.2.0',
32 silly addNameRange     '1.2.1',
32 silly addNameRange     '1.3.0',
32 silly addNameRange     '1.3.2',
32 silly addNameRange     '1.3.3',
32 silly addNameRange     '1.3.4',
32 silly addNameRange     '1.3.5',
32 silly addNameRange     '1.3.6',
32 silly addNameRange     '1.3.7',
32 silly addNameRange     '1.5.0',
32 silly addNameRange     '1.5.1',
32 silly addNameRange     '1.5.2',
32 silly addNameRange     '1.5.3',
32 silly addNameRange     '1.5.4',
32 silly addNameRange     '1.5.5',
32 silly addNameRange     '1.5.6',
32 silly addNameRange     '1.5.7',
32 silly addNameRange     '1.5.8',
32 silly addNameRange     '1.5.9',
32 silly addNameRange     '1.6.0',
32 silly addNameRange     '1.6.1',
32 silly addNameRange     '1.6.2',
32 silly addNameRange     '1.6.3',
32 silly addNameRange     '1.6.4',
32 silly addNameRange     '1.6.5',
32 silly addNameRange     '1.7.0',
32 silly addNameRange     '1.7.1',
32 silly addNameRange     '1.7.2',
32 silly addNameRange     '1.7.3',
32 silly addNameRange     '1.8.0',
32 silly addNameRange     '1.8.1',
32 silly addNameRange     '1.8.2',
32 silly addNameRange     '1.8.3',
32 silly addNameRange     '1.9.0',
32 silly addNameRange     '1.9.1',
32 silly addNameRange     '2.0.0-rc1',
32 silly addNameRange     '2.0.0-rc2',
32 silly addNameRange     '2.0.0-rc3',
32 silly addNameRange     '2.0.0-rc4',
32 silly addNameRange     '2.0.0-rc5',
32 silly addNameRange     '2.0.0-rc6',
32 silly addNameRange     '2.0.0-rc7',
32 silly addNameRange     '2.0.0-rc8',
32 silly addNameRange     '2.0.0-rc9',
32 silly addNameRange     '2.0.0-rc10',
32 silly addNameRange     '2.0.0',
32 silly addNameRange     '2.0.1',
32 silly addNameRange     '2.1.0',
32 silly addNameRange     '2.1.1',
32 silly addNameRange     '2.1.2',
32 silly addNameRange     '2.1.3',
32 silly addNameRange     '2.1.4',
32 silly addNameRange     '2.1.6',
32 silly addNameRange     '2.2.0',
32 silly addNameRange     '2.2.1',
32 silly addNameRange     '2.2.2',
32 silly addNameRange     '2.2.3',
32 silly addNameRange     '2.2.4',
32 silly addNameRange     '2.2.5',
32 silly addNameRange     '2.3.0',
32 silly addNameRange     '2.3.1',
32 silly addNameRange     '2.3.2',
32 silly addNameRange     '2.4.0',
32 silly addNameRange     '2.4.1',
32 silly addNameRange     '2.5.0',
32 silly addNameRange     '2.5.1',
32 silly addNameRange     '2.5.2',
32 silly addNameRange     '2.5.3',
32 silly addNameRange     '2.6.0',
32 silly addNameRange     '2.6.1',
32 silly addNameRange     '2.6.2',
32 silly addNameRange     '2.6.3',
32 silly addNameRange     '2.6.4',
32 silly addNameRange     '2.6.5',
32 silly addNameRange     '2.6.6',
32 silly addNameRange     '1.9.2',
32 silly addNameRange     '2.6.7',
32 silly addNameRange     '2.6.8',
32 silly addNameRange     '2.6.9',
32 silly addNameRange     '2.6.10',
32 silly addNameRange     '2.6.11',
32 silly addNameRange     '2.7.0',
32 silly addNameRange     '2.7.1',
32 silly addNameRange     '2.7.2',
32 silly addNameRange     '2.7.3',
32 silly addNameRange     '2.7.4',
32 silly addNameRange     '2.7.5',
32 silly addNameRange     '2.7.6',
32 silly addNameRange     '2.7.7',
32 silly addNameRange     '2.7.8',
32 silly addNameRange     '2.7.9',
32 silly addNameRange     '2.7.10',
32 silly addNameRange     '2.7.11',
32 silly addNameRange     '2.7.12',
32 silly addNameRange     '2.7.13',
32 silly addNameRange     '2.8.0',
32 silly addNameRange     '2.8.1',
32 silly addNameRange     '2.8.2',
32 silly addNameRange     '2.8.3',
32 silly addNameRange     '2.9.0',
32 silly addNameRange     '2.9.1',
32 silly addNameRange     '2.9.2',
32 silly addNameRange     '2.9.3',
32 silly addNameRange     '2.9.4',
32 silly addNameRange     '2.9.5',
32 silly addNameRange     '2.9.6',
32 silly addNameRange     '2.9.7',
32 silly addNameRange     '2.9.8',
32 silly addNameRange     '2.9.9',
32 silly addNameRange     '2.9.10',
32 silly addNameRange     '2.9.11',
32 silly addNameRange     '2.9.12',
32 silly addNameRange     '2.10.0',
32 silly addNameRange     '2.10.1',
32 silly addNameRange     '2.11.0',
32 silly addNameRange     '2.11.1' ] ]
33 verbose addNamed [ 'browser-sync', '2.11.1' ]
34 verbose addNamed [ '2.11.1', '2.11.1' ]
35 silly lockFile 519b142b-browser-sync-2-11-1 browser-sync@2.11.1
36 verbose lock browser-sync@2.11.1 /Users/Darth/.npm/519b142b-browser-sync-2-11-1.lock
37 silly lockFile b362c535-ser-sync-browser-sync-2-11-1-tgz https://registry.npmjs.org/browser-sync/-/browser-sync-2.11.1.tgz
38 verbose lock https://registry.npmjs.org/browser-sync/-/browser-sync-2.11.1.tgz /Users/Darth/.npm/b362c535-ser-sync-browser-sync-2-11-1-tgz.lock
39 verbose addRemoteTarball [ 'https://registry.npmjs.org/browser-sync/-/browser-sync-2.11.1.tgz',
39 verbose addRemoteTarball   '025ce077a9d62c4a111e7caf0f7bb8cb3f5205be' ]
40 info retry fetch attempt 1 at 23:28:22
41 verbose fetch to= /var/folders/_k/r8_v895n19z54z3ng0s51m2c0000gn/T/npm-3656-KQaSHMtH/registry.npmjs.org/browser-sync/-/browser-sync-2.11.1.tgz
42 http GET https://registry.npmjs.org/browser-sync/-/browser-sync-2.11.1.tgz
43 http 200 https://registry.npmjs.org/browser-sync/-/browser-sync-2.11.1.tgz
44 silly lockFile b362c535-ser-sync-browser-sync-2-11-1-tgz https://registry.npmjs.org/browser-sync/-/browser-sync-2.11.1.tgz
45 silly lockFile b362c535-ser-sync-browser-sync-2-11-1-tgz https://registry.npmjs.org/browser-sync/-/browser-sync-2.11.1.tgz
46 silly lockFile 519b142b-browser-sync-2-11-1 browser-sync@2.11.1
47 silly lockFile 519b142b-browser-sync-2-11-1 browser-sync@2.11.1
48 silly lockFile 6373e9ab-browser-sync browser-sync@
49 silly lockFile 6373e9ab-browser-sync browser-sync@
50 error Error: EACCES, mkdir '/Users/Darth/.npm/browser-sync/2.11.1'
50 error  { [Error: EACCES, mkdir '/Users/Darth/.npm/browser-sync/2.11.1']
50 error   errno: 3,
50 error   code: 'EACCES',
50 error   path: '/Users/Darth/.npm/browser-sync/2.11.1',
50 error   parent: 'scopeSite' }
51 error Please try running this command again as root/Administrator.
52 error System Darwin 14.1.0
53 error command "node" "/usr/local/bin/npm" "install" "-S" "browser-sync" "--save-dev"
54 error cwd /Users/Darth/scopeSite
55 error node -v v0.10.35
56 error npm -v 1.4.28
57 error path /Users/Darth/.npm/browser-sync/2.11.1
58 error code EACCES
59 error errno 3
60 error stack Error: EACCES, mkdir '/Users/Darth/.npm/browser-sync/2.11.1'
61 verbose exit [ 3, true ]
